# JRE version: OpenJDK Runtime Environment (8.0_152-b01) (build 1.8.0_152-release-1248-b01)
# Java VM: OpenJDK 64-Bit Server VM (25.152-b01 mixed mode linux-amd64 compressed oops)
Heap:
 PSYoungGen      total 212992K, used 4030K [0x00000000e0000000, 0x00000000f2c80000, 0x0000000100000000)
  eden space 190976K, 0% used [0x00000000e0000000,0x00000000e0000000,0x00000000eba80000)
  from space 22016K, 18% used [0x00000000ee600000,0x00000000ee9efb38,0x00000000efb80000)
  to   space 44544K, 0% used [0x00000000eba80000,0x00000000eba80000,0x00000000ee600000)
 ParOldGen       total 104960K, used 104657K [0x00000000a0000000, 0x00000000a6680000, 0x00000000e0000000)
  object space 104960K, 99% used [0x00000000a0000000,0x00000000a66346c8,0x00000000a6680000)
 Metaspace       used 74319K, capacity 76566K, committed 76672K, reserved 1116160K
  class space    used 9647K, capacity 10265K, committed 10368K, reserved 1048576K
GC Heap History (10 events):
Event: 17.282 GC heap after
Heap after GC invocations=17 (full 3):
 PSYoungGen      total 159744K, used 0K [0x00000000e0000000, 0x00000000eb980000, 0x0000000100000000)
  eden space 143872K, 0% used [0x00000000e0000000,0x00000000e0000000,0x00000000e8c80000)
  from space 15872K, 0% used [0x00000000e9c00000,0x00000000e9c00000,0x00000000eab80000)
  to   space 15872K, 0% used [0x00000000e8c80000,0x00000000e8c80000,0x00000000e9c00000)
 ParOldGen       total 104960K, used 31658K [0x00000000a0000000, 0x00000000a6680000, 0x00000000e0000000)
  object space 104960K, 30% used [0x00000000a0000000,0x00000000a1eea9d0,0x00000000a6680000)
 Metaspace       used 57404K, capacity 58952K, committed 59136K, reserved 1099776K
  class space    used 7915K, capacity 8327K, committed 8448K, reserved 1048576K
}
Event: 25.788 GC heap before
{Heap before GC invocations=18 (full 3):
 PSYoungGen      total 159744K, used 143872K [0x00000000e0000000, 0x00000000eb980000, 0x0000000100000000)
  eden space 143872K, 100% used [0x00000000e0000000,0x00000000e8c80000,0x00000000e8c80000)
  from space 15872K, 0% used [0x00000000e9c00000,0x00000000e9c00000,0x00000000eab80000)
  to   space 15872K, 0% used [0x00000000e8c80000,0x00000000e8c80000,0x00000000e9c00000)
 ParOldGen       total 104960K, used 31658K [0x00000000a0000000, 0x00000000a6680000, 0x00000000e0000000)
  object space 104960K, 30% used [0x00000000a0000000,0x00000000a1eea9d0,0x00000000a6680000)
 Metaspace       used 63335K, capacity 65254K, committed 65408K, reserved 1105920K
  class space    used 8489K, capacity 9017K, committed 9088K, reserved 1048576K
Event: 25.824 GC heap after
Heap after GC invocations=18 (full 3):
 PSYoungGen      total 159744K, used 11018K [0x00000000e0000000, 0x00000000ed900000, 0x0000000100000000)
  eden space 143872K, 0% used [0x00000000e0000000,0x00000000e0000000,0x00000000e8c80000)
  from space 15872K, 69% used [0x00000000e8c80000,0x00000000e9742b20,0x00000000e9c00000)
  to   space 16384K, 0% used [0x00000000ec900000,0x00000000ec900000,0x00000000ed900000)
 ParOldGen       total 104960K, used 31666K [0x00000000a0000000, 0x00000000a6680000, 0x00000000e0000000)
  object space 104960K, 30% used [0x00000000a0000000,0x00000000a1eec9d0,0x00000000a6680000)
 Metaspace       used 63335K, capacity 65254K, committed 65408K, reserved 1105920K
  class space    used 8489K, capacity 9017K, committed 9088K, reserved 1048576K
}
Event: 57.109 GC heap before
{Heap before GC invocations=19 (full 3):
 PSYoungGen      total 159744K, used 154890K [0x00000000e0000000, 0x00000000ed900000, 0x0000000100000000)
  eden space 143872K, 100% used [0x00000000e0000000,0x00000000e8c80000,0x00000000e8c80000)
  from space 15872K, 69% used [0x00000000e8c80000,0x00000000e9742b20,0x00000000e9c00000)
  to   space 16384K, 0% used [0x00000000ec900000,0x00000000ec900000,0x00000000ed900000)
 ParOldGen       total 104960K, used 31666K [0x00000000a0000000, 0x00000000a6680000, 0x00000000e0000000)
  object space 104960K, 30% used [0x00000000a0000000,0x00000000a1eec9d0,0x00000000a6680000)
 Metaspace       used 65189K, capacity 67294K, committed 67456K, reserved 1107968K
  class space    used 8702K, capacity 9255K, committed 9344K, reserved 1048576K
Event: 57.140 GC heap after
Heap after GC invocations=19 (full 3):
 PSYoungGen      total 192512K, used 8011K [0x00000000e0000000, 0x00000000ed200000, 0x0000000100000000)
  eden space 183296K, 0% used [0x00000000e0000000,0x00000000e0000000,0x00000000eb300000)
  from space 9216K, 86% used [0x00000000ec900000,0x00000000ed0d2ec0,0x00000000ed200000)
  to   space 15872K, 0% used [0x00000000eb300000,0x00000000eb300000,0x00000000ec280000)
 ParOldGen       total 104960K, used 37177K [0x00000000a0000000, 0x00000000a6680000, 0x00000000e0000000)
  object space 104960K, 35% used [0x00000000a0000000,0x00000000a244e7f0,0x00000000a6680000)
 Metaspace       used 65189K, capacity 67294K, committed 67456K, reserved 1107968K
  class space    used 8702K, capacity 9255K, committed 9344K, reserved 1048576K
}
Event: 68.053 GC heap before
{Heap before GC invocations=20 (full 3):
 PSYoungGen      total 192512K, used 191307K [0x00000000e0000000, 0x00000000ed200000, 0x0000000100000000)
  eden space 183296K, 100% used [0x00000000e0000000,0x00000000eb300000,0x00000000eb300000)
  from space 9216K, 86% used [0x00000000ec900000,0x00000000ed0d2ec0,0x00000000ed200000)
  to   space 15872K, 0% used [0x00000000eb300000,0x00000000eb300000,0x00000000ec280000)
 ParOldGen       total 104960K, used 37177K [0x00000000a0000000, 0x00000000a6680000, 0x00000000e0000000)
  object space 104960K, 35% used [0x00000000a0000000,0x00000000a244e7f0,0x00000000a6680000)
 Metaspace       used 71416K, capacity 73580K, committed 73856K, reserved 1114112K
  class space    used 9443K, capacity 10035K, committed 10112K, reserved 1048576K
Event: 68.117 GC heap after
Heap after GC invocations=20 (full 3):
 PSYoungGen      total 199168K, used 15853K [0x00000000e0000000, 0x00000000efb80000, 0x0000000100000000)
  eden space 183296K, 0% used [0x00000000e0000000,0x00000000e0000000,0x00000000eb300000)
  from space 15872K, 99% used [0x00000000eb300000,0x00000000ec27b500,0x00000000ec280000)
  to   space 22016K, 0% used [0x00000000ee600000,0x00000000ee600000,0x00000000efb80000)
 ParOldGen       total 104960K, used 48116K [0x00000000a0000000, 0x00000000a6680000, 0x00000000e0000000)
  object space 104960K, 45% used [0x00000000a0000000,0x00000000a2efd0d8,0x00000000a6680000)
 Metaspace       used 71416K, capacity 73580K, committed 73856K, reserved 1114112K
  class space    used 9443K, capacity 10035K, committed 10112K, reserved 1048576K
}
Event: 73.225 GC heap before
{Heap before GC invocations=21 (full 3):
 PSYoungGen      total 199168K, used 199149K [0x00000000e0000000, 0x00000000efb80000, 0x0000000100000000)
  eden space 183296K, 100% used [0x00000000e0000000,0x00000000eb300000,0x00000000eb300000)
  from space 15872K, 99% used [0x00000000eb300000,0x00000000ec27b500,0x00000000ec280000)
  to   space 22016K, 0% used [0x00000000ee600000,0x00000000ee600000,0x00000000efb80000)
 ParOldGen       total 104960K, used 48116K [0x00000000a0000000, 0x00000000a6680000, 0x00000000e0000000)
  object space 104960K, 45% used [0x00000000a0000000,0x00000000a2efd0d8,0x00000000a6680000)
 Metaspace       used 74319K, capacity 76566K, committed 76672K, reserved 1116160K
  class space    used 9647K, capacity 10265K, committed 10368K, reserved 1048576K
Event: 73.478 GC heap after
Heap after GC invocations=21 (full 3):
 PSYoungGen      total 212992K, used 21991K [0x00000000e0000000, 0x00000000f2c80000, 0x0000000100000000)
  eden space 190976K, 0% used [0x00000000e0000000,0x00000000e0000000,0x00000000eba80000)
  from space 22016K, 99% used [0x00000000ee600000,0x00000000efb79ff8,0x00000000efb80000)
  to   space 44544K, 0% used [0x00000000eba80000,0x00000000eba80000,0x00000000ee600000)
 ParOldGen       total 104960K, used 99629K [0x00000000a0000000, 0x00000000a6680000, 0x00000000e0000000)
  object space 104960K, 94% used [0x00000000a0000000,0x00000000a614b418,0x00000000a6680000)
 Metaspace       used 74319K, capacity 76566K, committed 76672K, reserved 1116160K
  class space    used 9647K, capacity 10265K, committed 10368K, reserved 1048576K
}
Event: 73.479 GC heap before
{Heap before GC invocations=22 (full 4):
 PSYoungGen      total 212992K, used 21991K [0x00000000e0000000, 0x00000000f2c80000, 0x0000000100000000)
  eden space 190976K, 0% used [0x00000000e0000000,0x00000000e0000000,0x00000000eba80000)
  from space 22016K, 99% used [0x00000000ee600000,0x00000000efb79ff8,0x00000000efb80000)
  to   space 44544K, 0% used [0x00000000eba80000,0x00000000eba80000,0x00000000ee600000)
 ParOldGen       total 104960K, used 99629K [0x00000000a0000000, 0x00000000a6680000, 0x00000000e0000000)
  object space 104960K, 94% used [0x00000000a0000000,0x00000000a614b418,0x00000000a6680000)
 Metaspace       used 74319K, capacity 76566K, committed 76672K, reserved 1116160K
  class space    used 9647K, capacity 10265K, committed 10368K, reserved 1048576K

